<?xml version="1.0" encoding="UTF-8"?>
<!-- Generated by org.testng.reporters.JUnitReportReporter -->
<testsuite hostname="DESKTOP-RJ88POF" failures="0" tests="2" name="ExampleAnnotation2" time="0.001" errors="0" timestamp="2020-06-09T00:29:59 IST" skipped="0">
  <testcase classname="ExampleAnnotation2" name="test4" time="0.001"/>
  <system-out/>
  <testcase classname="ExampleAnnotation2" name="test3" time="0.000"/>
  <system-out/>
</testsuite> <!-- ExampleAnnotation2 -->
