<?xml version="1.0" encoding="UTF-8"?>
<!-- Generated by org.testng.reporters.JUnitReportReporter -->
<testsuite hostname="DESKTOP-RJ88POF" failures="0" tests="3" name="GroupingExample" time="0.002" errors="0" timestamp="2020-06-09T00:29:59 IST" skipped="0">
  <testcase classname="GroupingExample" name="test3" time="0.002"/>
  <system-out/>
  <testcase classname="GroupingExample" name="test5" time="0.000"/>
  <system-out/>
  <testcase classname="GroupingExample" name="test4" time="0.000"/>
  <system-out/>
</testsuite> <!-- GroupingExample -->
