<?xml version="1.0" encoding="UTF-8"?>
<!-- Generated by org.testng.reporters.JUnitReportReporter -->
<testsuite skipped="0" hostname="DESKTOP-RJ88POF" name="GroupingExample" tests="3" failures="0" timestamp="2020-07-23T00:10:17 IST" time="0.003" errors="0">
  <testcase name="test3" time="0.003" classname="GroupingExample"/>
  <system-out/>
  <testcase name="test4" time="0.000" classname="GroupingExample"/>
  <system-out/>
  <testcase name="test5" time="0.000" classname="GroupingExample"/>
  <system-out/>
</testsuite> <!-- GroupingExample -->
